escribir 1
  NULL NULL NULL NULL NULL
  NULL NULL NULL NULL NULL
  NULL NULL NULL NULL NULL
  0
escribir 2
  NULL NULL NULL NULL NULL NULL NULL
  NULL NULL NULL NULL NULL NULL NULL
  0
escribir 3
  NULL NULL NULL NULL NULL NULL
  NULL NULL NULL NULL NULL NULL
  NULL NULL NULL NULL NULL NULL
  0
escribir 4
  NULL NULL NULL
  NULL NULL NULL
  NULL NULL NULL
  NULL NULL NULL
  0
escribir 5
  NULL NULL NULL NULL NULL
  NULL NULL NULL NULL NULL
  0
escribir 6
  NULL NULL
  NULL NULL
  NULL NULL
  NULL NULL
  NULL NULL
  NULL NULL
  NULL NULL
  NULL NULL
  NULL NULL
  0
escribir 7
  NULL NULL
  NULL NULL
  NULL NULL
  NULL NULL
  NULL NULL
  NULL NULL
  0
escribir 8
  NULL NULL NULL
  NULL NULL NULL
  NULL NULL NULL
  NULL NULL NULL
  NULL NULL NULL
  0
escribir 9
  NULL NULL NULL NULL
  NULL NULL NULL NULL
  NULL NULL NULL NULL
  NULL NULL NULL NULL
  0
escribir 10
  NULL NULL NULL NULL NULL NULL NULL
  NULL NULL NULL NULL NULL NULL NULL
  NULL NULL NULL NULL NULL NULL NULL
  NULL NULL NULL NULL NULL NULL NULL
  NULL NULL NULL NULL NULL NULL NULL
  0
escribir 11
  NULL NULL
  NULL NULL
  NULL NULL
  0
poner_prod AAAA
poner_prod BBBB
poner_prod CCCC
poner_prod DDDD
poner_prod EEEE
poner_prod FFFF
poner_prod GGGG
poner_prod HHHH
poner_prod IIII
poner_prod JJJJ
poner_prod KKKK
distribuir BBBB 40
